{"field_label": "Full Name", "matched_template": "full_name", "confidence_score": "100%"}
{"field_label": "Application Number", "matched_template": "registration_number", "confidence_score": "100%"}
{"field_label": "Enrollment Number", "matched_template": "registration_number", "confidence_score": "100%"}
{"field_label": "Email ID", "matched_template": "email", "confidence_score": "100%"}
{"field_label": "Roll Number", "matched_template": "roll_number", "confidence_score": "100%"}
{"field_label": "Registration Number", "matched_template": "registration_number", "confidence_score": "100%"}
{"field_label": "Mobile Number", "matched_template": "phone_number", "confidence_score": "100%"}
{"field_label": "Application Number", "matched_template": "registration_number", "confidence_score": "100%"}
{"field_label": "Email", "matched_template": "email", "confidence_score": "100%"}
{"field_label": "Aadhaar", "matched_template": "aadhaar", "confidence_score": "100%"}
{"field_label": "PAN", "matched_template": "pan", "confidence_score": "100%"}
{"field_label": "Alternate", "matched_template": "alternate_number", "confidence_score": "95%"}
{"field_label": "Previous College", "matched_template": "college_name", "confidence_score": "100%"}
{"field_label": "Hostel Room Number", "matched_template": "phone_number", "confidence_score": "66%"}
{"field_label": "Father Name", "matched_template": "fathers_name", "confidence_score": "100%"}
{"field_label": "Mother Name", "matched_template": "mothers_name", "confidence_score": "100%"}
{"field_label": "Guardian Mobile Number", "matched_template": "guardian_phone", "confidence_score": "100%"}
{"field_label": "Mother Occupation", "matched_template": "mother_occupation", "confidence_score": "100%"}
{"field_label": "Emergency Contact Mobile Number", "matched_template": "emergency_contact_phone", "confidence_score": "100%"}
{"field_label": "Father Name", "matched_template": "fathers_name", "confidence_score": "100%"}
{"field_label": "Mother Name", "matched_template": "mothers_name", "confidence_score": "100%"}
{"field_label": "Guardian Mobile Number", "matched_template": "guardian_phone", "confidence_score": "100%"}
{"field_label": "Mother Occupation", "matched_template": "mother_occupation", "confidence_score": "100%"}
{"field_label": "Emergency Contact Mobile Number", "matched_template": "emergency_contact_phone", "confidence_score": "100%"}
{"field_label": "Full Name", "matched_template": "full_name", "confidence_score": "100%"}
{"field_label": "Full Name", "matched_template": "full_name", "confidence_score": "100%"}
{"field_label": "Full Name", "matched_template": "full_name", "confidence_score": "100%"}
{"field_label": "Full Name", "matched_template": "full_name", "confidence_score": "100%"}
{"field_label": "Application No", "matched_template": "registration_number", "confidence_score": "100%"}
{"field_label": "Application No", "matched_template": "registration_number", "confidence_score": "100%"}
{"field_label": "Application No", "matched_template": "registration_number", "confidence_score": "100%"}
{"field_label": "Application No", "matched_template": "registration_number", "confidence_score": "100%"}
{"field_label": "Application No", "matched_template": "registration_number", "confidence_score": "100%"}
{"field_label": "Application No", "matched_template": "registration_number", "confidence_score": "100%"}
{"field_label": "Application No", "matched_template": "registration_number", "confidence_score": "100%"}
{"field_label": "Application No", "matched_template": "registration_number", "confidence_score": "100%"}
{"field_label": "Full Name (As per Marksheet)", "matched_template": "full_name", "confidence_score": "89%"}
{"field_label": "Full Name (As per Marksheet)", "matched_template": "full_name", "confidence_score": "89%"}
{"field_label": "Gender", "matched_template": "gender", "confidence_score": "100%"}
{"field_label": "Gender", "matched_template": "gender", "confidence_score": "100%"}
{"field_label": "Nationality", "matched_template": "nationality", "confidence_score": "100%"}
{"field_label": "Nationality", "matched_template": "nationality", "confidence_score": "100%"}
{"field_label": "Date of Birth", "matched_template": "dob", "confidence_score": "100%"}
{"field_label": "Date of Birth", "matched_template": "dob", "confidence_score": "100%"}
{"field_label": "Category", "matched_template": "category", "confidence_score": "100%"}
{"field_label": "Category", "matched_template": "category", "confidence_score": "100%"}
{"field_label": "Mobile Number", "matched_template": "phone_number", "confidence_score": "100%"}
{"field_label": "Mobile Number", "matched_template": "phone_number", "confidence_score": "100%"}
{"field_label": "Email ID", "matched_template": "email", "confidence_score": "100%"}
{"field_label": "Email ID", "matched_template": "email", "confidence_score": "100%"}
{"field_label": "Aadhar Number", "matched_template": "aadhaar", "confidence_score": "100%"}
{"field_label": "Aadhar Number", "matched_template": "aadhaar", "confidence_score": "100%"}
{"field_label": "Contact Number", "matched_template": "phone_number", "confidence_score": "100%"}
{"field_label": "Contact Number", "matched_template": "phone_number", "confidence_score": "100%"}
{"field_label": "Address", "matched_template": "address", "confidence_score": "100%"}
{"field_label": "Address", "matched_template": "address", "confidence_score": "100%"}
{"field_label": "City", "matched_template": "city", "confidence_score": "100%"}
{"field_label": "City", "matched_template": "city", "confidence_score": "100%"}
{"field_label": "State", "matched_template": "state", "confidence_score": "100%"}
{"field_label": "State", "matched_template": "state", "confidence_score": "100%"}
{"field_label": "Pin Code", "matched_template": "pin_code", "confidence_score": "100%"}
{"field_label": "Pin Code", "matched_template": "pin_code", "confidence_score": "100%"}
{"field_label": "Father's Guardian's", "matched_template": "father_occupation", "confidence_score": "68%"}
{"field_label": "Father's Guardian's", "matched_template": "father_occupation", "confidence_score": "68%"}
2026-06-20T18:23:14.625262 - Label: 'Father's Guardian's' | Category: 'Education Forms' | Section: '2. Parent / Guardian Information'
{"field_label": "Name", "matched_template": "full_name", "confidence_score": "100%"}
{"field_label": "Name", "matched_template": "full_name", "confidence_score": "100%"}
{"field_label": "Occupation", "matched_template": "occupation", "confidence_score": "100%"}
{"field_label": "Occupation", "matched_template": "occupation", "confidence_score": "100%"}
{"field_label": "Mobile Number", "matched_template": "phone_number", "confidence_score": "100%"}
{"field_label": "Mobile Number", "matched_template": "phone_number", "confidence_score": "100%"}
{"field_label": "Email ID", "matched_template": "email", "confidence_score": "100%"}
{"field_label": "Email ID", "matched_template": "email", "confidence_score": "100%"}
{"field_label": "Annual Income", "matched_template": "annual_income", "confidence_score": "100%"}
{"field_label": "Annual Income", "matched_template": "annual_income", "confidence_score": "100%"}
{"field_label": "Mother's", "matched_template": "mothers_name", "confidence_score": "76%"}
{"field_label": "Mother's", "matched_template": "mothers_name", "confidence_score": "76%"}
{"field_label": "Name", "matched_template": "full_name", "confidence_score": "100%"}
{"field_label": "Name", "matched_template": "full_name", "confidence_score": "100%"}
{"field_label": "Occupation", "matched_template": "occupation", "confidence_score": "100%"}
{"field_label": "Occupation", "matched_template": "occupation", "confidence_score": "100%"}
{"field_label": "Mobile Number", "matched_template": "phone_number", "confidence_score": "100%"}
{"field_label": "Mobile Number", "matched_template": "phone_number", "confidence_score": "100%"}
{"field_label": "Email ID", "matched_template": "email", "confidence_score": "100%"}
{"field_label": "Email ID", "matched_template": "email", "confidence_score": "100%"}
{"field_label": "Address (if different from above)", "matched_template": "address", "confidence_score": "87%"}
{"field_label": "Address (if different from above)", "matched_template": "address", "confidence_score": "87%"}
{"field_label": "Course Applied For", "matched_template": "course", "confidence_score": "95%"}
{"field_label": "Course Applied For", "matched_template": "course", "confidence_score": "95%"}
{"field_label": "Stream Specialization", "matched_template": "course", "confidence_score": "95%"}
{"field_label": "Stream Specialization", "matched_template": "course", "confidence_score": "95%"}
{"field_label": "Name of Last School College Attended", "matched_template": "school_name", "confidence_score": "95%"}
{"field_label": "Name of Last School College Attended", "matched_template": "school_name", "confidence_score": "95%"}
{"field_label": "cancellation of my admission", "matched_template": "guardian_occupation", "confidence_score": "60%"}
{"field_label": "cancellation of my admission", "matched_template": "guardian_occupation", "confidence_score": "60%"}
2026-06-20T18:28:23.633581 - Label: 'cancellation of my admission' | Category: 'Education Forms' | Section: 'Academic Information'
{"field_label": "Board", "matched_template": "university", "confidence_score": "100%"}
{"field_label": "Board", "matched_template": "university", "confidence_score": "100%"}
{"field_label": "University", "matched_template": "university", "confidence_score": "100%"}
{"field_label": "University", "matched_template": "university", "confidence_score": "100%"}
{"field_label": "Year of", "matched_template": "passing_year", "confidence_score": "95%"}
{"field_label": "Year of", "matched_template": "passing_year", "confidence_score": "95%"}
{"field_label": "Passing", "matched_template": "passing_year", "confidence_score": "95%"}
{"field_label": "Passing", "matched_template": "passing_year", "confidence_score": "95%"}
{"field_label": "CGPA", "matched_template": "cgpa", "confidence_score": "100%"}
{"field_label": "CGPA", "matched_template": "cgpa", "confidence_score": "100%"}
{"field_label": "Board / University", "matched_template": "university", "confidence_score": "95%"}
{"field_label": "Board / University", "matched_template": "university", "confidence_score": "95%"}
{"field_label": "Year of Passing Percentage CGPA", "matched_template": "percentage", "confidence_score": "95%"}
{"field_label": "Year of Passing Percentage CGPA", "matched_template": "percentage", "confidence_score": "95%"}
{"field_label": "Date", "matched_template": "state", "confidence_score": "66%"}
{"field_label": "Date", "matched_template": "state", "confidence_score": "66%"}
2026-06-20T18:31:36.937974 - Label: 'Date' | Category: 'Education Forms' | Section: 'Academic Information'
{"field_label": "Other", "matched_template": "mothers_name", "confidence_score": "62%"}
{"field_label": "Other", "matched_template": "mothers_name", "confidence_score": "62%"}
2026-06-20T18:31:59.456685 - Label: 'Other' | Category: 'Education Forms' | Section: 'Academic Information'
